<?xml version="1.0" encoding="UTF-8"?>
<!-- Generated by org.testng.reporters.JUnitReportReporter -->
<testsuite hostname="Raghurams-MacBook-Pro.local" failures="0" tests="2" name="TestCaseOne" time="18.339" errors="0" timestamp="2021-03-11T17:47:38 PST" skipped="0">
  <testcase classname="TestCaseOne" name="testingChrome" time="18.334"/>
  <system-out/>
  <testcase classname="TestCaseOne" name="printString" time="0.005"/>
  <system-out/>
</testsuite> <!-- TestCaseOne -->
